<?xml version="1.0" encoding="UTF-8"?>
<testng-results ignored="0" total="1" passed="1" failed="0" skipped="0">
  <reporter-output>
  </reporter-output>
  <suite started-at="2021-11-27T22:26:46 PST" name="Default suite" finished-at="2021-11-27T22:26:52 PST" duration-ms="5872">
    <groups>
    </groups>
    <test started-at="2021-11-27T22:26:46 PST" name="Default test" finished-at="2021-11-27T22:26:52 PST" duration-ms="5872">
      <class name="test.AddCustomerTest">
        <test-method signature="TestPage()[pri:0, instance:test.AddCustomerTest@482bce4f]" started-at="2021-11-27T22:26:46 PST" name="TestPage" finished-at="2021-11-27T22:26:52 PST" duration-ms="5816" status="PASS">
          <reporter-output>
          </reporter-output>
        </test-method> <!-- TestPage -->
      </class> <!-- test.AddCustomerTest -->
    </test> <!-- Default test -->
  </suite> <!-- Default suite -->
</testng-results>
